(c) Copyright IBM Corporation 1993,2007
Command Line Processor for DB2 Client 11.5.4.0

You can issue database manager commands and SQL statements from the command 
prompt. For example:
    db2 => connect to sample
    db2 => bind sample.bnd

For general help, type: ?.
For command help, type: ? command, where command can be
the first few keywords of a database manager command. For example:
 ? CATALOG DATABASE for help on the CATALOG DATABASE command
 ? CATALOG          for help on all of the CATALOG commands.

To exit db2 interactive mode, type QUIT at the command prompt. Outside 
interactive mode, all commands must be prefixed with 'db2'.
To list the current command option settings, type LIST COMMAND OPTIONS.

For more detailed help, refer to the Online Reference Manual.

db2 => db2 => db2 => db2 => db2 => CONNECT TO cs421

   Database Connection Information

 Database server        = DB2/LINUXX8664 11.5.4.0
 SQL authorization ID   = IEPSTE1
 Local database alias   = CS421


db2 => db2 => db2 => db2 => db2 => db2 => db2 => db2 => db2 (cont.) => db2 (cont.) => db2 (cont.) => db2 (cont.) => db2 (cont.) => db2 (cont.) => db2 (cont.) => db2 (cont.) => db2 (cont.) => db2 (cont.) => db2 (cont.) => CREATE TABLE parent ( hCardID INT NOT NULL, pname VARCHAR(30) NOT NULL, birthDate DATE NOT NULL, addr VARCHAR(50), email VARCHAR(50), phoneNum CHAR(10) NOT NULL, profession VARCHAR(20) NOT NULL, btype VARCHAR(3), PRIMARY KEY (hCardID) )
DB20000I  The SQL command completed successfully.

db2 => db2 => db2 (cont.) => db2 (cont.) => db2 (cont.) => db2 (cont.) => db2 (cont.) => CREATE TABLE mother ( hCardID INT NOT NULL, PRIMARY KEY (hCardID), FOREIGN KEY (hCardID) REFERENCES parent --ON DELETE CASCADE
 )
DB20000I  The SQL command completed successfully.

db2 => db2 => db2 (cont.) => db2 (cont.) => db2 (cont.) => db2 (cont.) => db2 (cont.) => db2 (cont.) => CREATE TABLE father ( fid INT NOT NULL, hCardID INT NOT NULL, PRIMARY KEY (fid), FOREIGN KEY (hCardID) REFERENCES parent )
DB20000I  The SQL command completed successfully.

db2 => db2 => db2 (cont.) => db2 (cont.) => db2 (cont.) => db2 (cont.) => db2 (cont.) => db2 (cont.) => db2 (cont.) => db2 (cont.) => CREATE TABLE couples ( coupleID INT NOT NULL, hCardID INT NOT NULL, fid INT NOT NULL, PRIMARY KEY (coupleID), FOREIGN KEY (hCardID) REFERENCES mother, FOREIGN KEY (fid) REFERENCES father )
DB20000I  The SQL command completed successfully.

db2 => db2 => db2 (cont.) => db2 (cont.) => db2 (cont.) => db2 (cont.) => db2 (cont.) => db2 (cont.) => db2 (cont.) => db2 (cont.) => CREATE TABLE healthcareInstitution ( phoneNum CHAR(10) NOT NULL, hciname VARCHAR(30) NOT NULL, addr VARCHAR(50) UNIQUE NOT NULL, email VARCHAR(30) UNIQUE NOT NULL, website VARCHAR(30) UNIQUE NOT NULL, PRIMARY KEY (phoneNum) )
DB20000I  The SQL command completed successfully.

db2 => db2 => db2 (cont.) => db2 (cont.) => db2 (cont.) => db2 (cont.) => db2 (cont.) => CREATE TABLE birthingCenter ( phoneNum CHAR(10) NOT NULL, PRIMARY KEY (phoneNum), FOREIGN KEY (phoneNum) REFERENCES healthcareInstitution )
DB20000I  The SQL command completed successfully.

db2 => db2 => db2 (cont.) => db2 (cont.) => db2 (cont.) => db2 (cont.) => db2 (cont.) => CREATE TABLE communityClinic ( phoneNum CHAR(10) NOT NULL, PRIMARY KEY (phoneNum), FOREIGN KEY (phoneNum) REFERENCES healthcareInstitution )
DB20000I  The SQL command completed successfully.

db2 => db2 => db2 (cont.) => db2 (cont.) => db2 (cont.) => db2 (cont.) => db2 (cont.) => db2 (cont.) => db2 (cont.) => db2 (cont.) => db2 (cont.) => CREATE TABLE midwives ( practID INT NOT NULL, mwname VARCHAR(30) NOT NULL, email VARCHAR(30) UNIQUE NOT NULL, phoneNum CHAR(10) UNIQUE NOT NULL, workplace CHAR(10) NOT NULL, --phoneNum
 PRIMARY KEY (practID), FOREIGN KEY (workplace) REFERENCES healthcareInstitution )
DB20000I  The SQL command completed successfully.

db2 => db2 => db2 (cont.) => db2 (cont.) => db2 (cont.) => db2 (cont.) => db2 (cont.) => db2 (cont.) => CREATE TABLE labTechnician ( ltID INT NOT NULL, ltname VARCHAR(30) NOT NULL, phoneNum CHAR(10) NOT NULL, PRIMARY KEY (ltID) )
DB20000I  The SQL command completed successfully.

db2 => db2 => db2 (cont.) => db2 (cont.) => db2 (cont.) => db2 (cont.) => db2 (cont.) => db2 (cont.) => db2 (cont.) => db2 (cont.) => db2 (cont.) => db2 (cont.) => db2 (cont.) => db2 (cont.) => db2 (cont.) => db2 (cont.) => db2 (cont.) => db2 (cont.) => db2 (cont.) => db2 (cont.) => CREATE TABLE pregnancy ( pregID INT NOT NULL, pregNum INT NOT NULL, origDueDate DATE, menstrDate DATE, ultrasdDate DATE, fnlDueDate DATE, numBabies INT, coupleID INT NOT NULL, ppractID INT NOT NULL, bpractID INT NOT NULL, birthLocation CHAR(10), --phoneNum
 PRIMARY KEY (pregID), FOREIGN KEY (coupleID) REFERENCES couples, FOREIGN KEY (ppractID) REFERENCES midwives, FOREIGN KEY (bpractID) REFERENCES midwives, FOREIGN KEY (birthLocation) REFERENCES birthingCenter )
DB20000I  The SQL command completed successfully.

db2 => db2 => db2 (cont.) => db2 (cont.) => db2 (cont.) => db2 (cont.) => db2 (cont.) => db2 (cont.) => db2 (cont.) => db2 (cont.) => db2 (cont.) => db2 (cont.) => db2 (cont.) => CREATE TABLE babies ( pregID INT NOT NULL, birthTime TIME NOT NULL, birthDate DATE NOT NULL, gender VARCHAR(6) NOT NULL, bname VARCHAR(30), btype VARCHAR(3) NOT NULL, homeBirth BOOLEAN, PRIMARY KEY (pregID, birthTime), FOREIGN KEY (pregID) REFERENCES pregnancy )
DB20000I  The SQL command completed successfully.

db2 => db2 => db2 (cont.) => db2 (cont.) => db2 (cont.) => db2 (cont.) => db2 (cont.) => db2 (cont.) => db2 (cont.) => db2 (cont.) => db2 (cont.) => db2 (cont.) => CREATE TABLE tests ( testID INT NOT NULL, ttype VARCHAR(20) NOT NULL, prescribedDate DATE NOT NULL, sampleDate DATE NOT NULL, labWorkDate DATE, result VARCHAR(10) NOT NULL, PRIMARY KEY (testID), CHECK (labWorkDate >= prescribedDate) )
DB20000I  The SQL command completed successfully.

db2 => db2 => db2 (cont.) => db2 (cont.) => db2 (cont.) => db2 (cont.) => db2 (cont.) => db2 (cont.) => db2 (cont.) => CREATE TABLE updatesTests ( testID INT NOT NULL, ltID INT NOT NULL, PRIMARY KEY (testID), FOREIGN KEY (ltID) REFERENCES labTechnician, FOREIGN KEY (testID) REFERENCES tests )
DB20000I  The SQL command completed successfully.

db2 => db2 => db2 (cont.) => db2 (cont.) => db2 (cont.) => db2 (cont.) => db2 (cont.) => db2 (cont.) => db2 (cont.) => db2 (cont.) => db2 (cont.) => CREATE TABLE testsTakenDuring ( testID INT NOT NULL, pregID INT NOT NULL, birthTime TIME, PRIMARY KEY (testID), FOREIGN KEY (testID) REFERENCES tests, FOREIGN KEY (pregID) REFERENCES pregnancy, FOREIGN KEY (pregID, birthTime) references babies )
DB20000I  The SQL command completed successfully.

db2 => db2 => db2 (cont.) => db2 (cont.) => db2 (cont.) => db2 (cont.) => db2 (cont.) => db2 (cont.) => db2 (cont.) => db2 (cont.) => db2 (cont.) => CREATE TABLE motherTests ( testID INT NOT NULL, practID INT NOT NULL, mother INT NOT NULL, PRIMARY KEY (testID), FOREIGN KEY (testID) REFERENCES tests, FOREIGN KEY (practID) REFERENCES midwives, FOREIGN KEY (mother) REFERENCES mother )
DB20000I  The SQL command completed successfully.

db2 => db2 => db2 (cont.) => db2 (cont.) => db2 (cont.) => db2 (cont.) => db2 (cont.) => db2 (cont.) => db2 (cont.) => CREATE TABLE informationSession ( sessID INT NOT NULL, scheldDate DATE NOT NULL, scheldTime TIME NOT NULL, lang VARCHAR(10) NOT NULL, PRIMARY KEY (sessID) )
DB20000I  The SQL command completed successfully.

db2 => db2 => db2 (cont.) => db2 (cont.) => db2 (cont.) => db2 (cont.) => db2 (cont.) => db2 (cont.) => db2 (cont.) => CREATE TABLE informationSessionHosts ( sessID INT NOT NULL, practID INT NOT NULL, PRIMARY KEY (sessID), FOREIGN KEY (sessID) REFERENCES informationSession, FOREIGN KEY (practID) REFERENCES midwives )
DB20000I  The SQL command completed successfully.

db2 => db2 => db2 (cont.) => db2 (cont.) => db2 (cont.) => db2 (cont.) => db2 (cont.) => db2 (cont.) => db2 (cont.) => CREATE TABLE attends ( sessID INT NOT NULL, coupleID INT NOT NULL, PRIMARY KEY (sessID, coupleID), FOREIGN KEY (sessID) REFERENCES informationSession, FOREIGN KEY (coupleID) REFERENCES couples )
DB20000I  The SQL command completed successfully.

db2 => db2 => db2 (cont.) => db2 (cont.) => db2 (cont.) => db2 (cont.) => db2 (cont.) => db2 (cont.) => db2 (cont.) => db2 (cont.) => db2 (cont.) => db2 (cont.) => CREATE TABLE appointments ( apptID INT NOT NULL, heldDate DATE NOT NULL, heldTime TIME NOT NULL, practID INT NOT NULL, pregID INT NOT NULL, PRIMARY KEY (apptID), FOREIGN KEY (practID) REFERENCES midwives, FOREIGN KEY (pregID) REFERENCES pregnancy )
DB20000I  The SQL command completed successfully.

db2 => db2 => db2 (cont.) => db2 (cont.) => db2 (cont.) => db2 (cont.) => db2 (cont.) => db2 (cont.) => db2 (cont.) => db2 (cont.) => CREATE TABLE notes ( apptID INT NOT NULL, takenDate DATE NOT NULL, takenTime TIME NOT NULL, observation VARCHAR(200), PRIMARY KEY (apptID, takenDate, takenTime), FOREIGN KEY (apptID) REFERENCES appointments )
DB20000I  The SQL command completed successfully.

db2 => 