(c) Copyright IBM Corporation 1993,2007
Command Line Processor for DB2 Client 11.5.4.0

You can issue database manager commands and SQL statements from the command 
prompt. For example:
    db2 => connect to sample
    db2 => bind sample.bnd

For general help, type: ?.
For command help, type: ? command, where command can be
the first few keywords of a database manager command. For example:
 ? CATALOG DATABASE for help on the CATALOG DATABASE command
 ? CATALOG          for help on all of the CATALOG commands.

To exit db2 interactive mode, type QUIT at the command prompt. Outside 
interactive mode, all commands must be prefixed with 'db2'.
To list the current command option settings, type LIST COMMAND OPTIONS.

For more detailed help, refer to the Online Reference Manual.

db2 => db2 => db2 => db2 => db2 => CONNECT TO cs421

   Database Connection Information

 Database server        = DB2/LINUXX8664 11.5.4.0
 SQL authorization ID   = IEPSTE1
 Local database alias   = CS421


db2 => db2 => db2 => db2 => db2 => db2 => db2 => DROP TABLE parent
DB20000I  The SQL command completed successfully.

db2 => DROP TABLE mother
DB20000I  The SQL command completed successfully.

db2 => DROP TABLE father
DB20000I  The SQL command completed successfully.

db2 => DROP TABLE couples
DB20000I  The SQL command completed successfully.

db2 => DROP TABLE healthcareInstitution
DB20000I  The SQL command completed successfully.

db2 => DROP TABLE birthingCenter
DB20000I  The SQL command completed successfully.

db2 => DROP TABLE communityClinic
DB20000I  The SQL command completed successfully.

db2 => DROP TABLE midwives
DB20000I  The SQL command completed successfully.

db2 => DROP TABLE labTechnician
DB20000I  The SQL command completed successfully.

db2 => DROP TABLE pregnancy
DB20000I  The SQL command completed successfully.

db2 => DROP TABLE babies
DB20000I  The SQL command completed successfully.

db2 => DROP TABLE tests
DB20000I  The SQL command completed successfully.

db2 => DROP TABLE updatesTests
DB20000I  The SQL command completed successfully.

db2 => DROP TABLE testsTakenDuring
DB20000I  The SQL command completed successfully.

db2 => DROP TABLE motherTests
DB20000I  The SQL command completed successfully.

db2 => DROP TABLE informationSession
DB20000I  The SQL command completed successfully.

db2 => DROP TABLE informationSessionHosts
DB20000I  The SQL command completed successfully.

db2 => DROP TABLE attends
DB20000I  The SQL command completed successfully.

db2 => DROP TABLE appointments
DB20000I  The SQL command completed successfully.

db2 => DROP TABLE notes
DB20000I  The SQL command completed successfully.

db2 => 